Looking for git in: git
Using git 2.18.0 from git
> git rev-parse --show-toplevel
> git config --get commit.template
Open repository: /home/diego/MakeItReal/carpeta2/rails/rails-blog
> git status -z -u
> git symbolic-ref --short HEAD
> git rev-parse master
> git rev-parse --symbolic-full-name master@{u}
fatal: no upstream configured for branch 'master'
> git for-each-ref --format %(refname) %(objectname) --sort -committerdate
> git remote --verbose
> git check-ignore -z --stdin
> git check-ignore -z --stdin
> git check-ignore -z --stdin
> git check-ignore -z --stdin
> git check-ignore -z --stdin
> git check-ignore -z --stdin
> git check-ignore -z --stdin
> git check-ignore -z --stdin
> git check-ignore -z --stdin
> git check-ignore -z --stdin
> git show :app/controllers/pages_controller.rb
> git show :app/views/pages/about_us.html.erb
> git check-ignore -z --stdin
> git status -z -u
> git symbolic-ref --short HEAD
> git rev-parse master
> git rev-parse --symbolic-full-name master@{u}
fatal: no upstream configured for branch 'master'
> git for-each-ref --format %(refname) %(objectname) --sort -committerdate
> git remote --verbose
> git show :app/controllers/pages_controller.rb
> git show :app/views/pages/about_us.html.erb
> git show :app/views/pages/contact.html.erb
> git check-ignore -z --stdin
> git status -z -u
> git symbolic-ref --short HEAD
> git rev-parse master
> git rev-parse --symbolic-full-name master@{u}
fatal: no upstream configured for branch 'master'
> git for-each-ref --format %(refname) %(objectname) --sort -committerdate
> git remote --verbose
> git show :app/controllers/pages_controller.rb
> git show :app/views/pages/contact.html.erb
> git show :app/views/pages/posts.html.erb
> git check-ignore -z --stdin
> git status -z -u
> git symbolic-ref --short HEAD
> git rev-parse master
> git rev-parse --symbolic-full-name master@{u}
fatal: no upstream configured for branch 'master'
> git for-each-ref --format %(refname) %(objectname) --sort -committerdate
> git remote --verbose
> git show :app/views/pages/contact.html.erb
> git show :app/controllers/pages_controller.rb
> git show :app/views/pages/about_us.html.erb
> git show :app/controllers/pages_controller.rb
> git check-ignore -z --stdin
> git check-ignore -z --stdin
> git show :config/routes.rb
> git show :app/controllers/pages_controller.rb
> git show :config/routes.rb
> git show :app/views/pages/about_us.html.erb
> git show :config/routes.rb
> git show :app/controllers/pages_controller.rb
> git show :config/routes.rb
> git show :app/controllers/pages_controller.rb
> git show :config/routes.rb
> git show :app/controllers/pages_controller.rb
> git status -z -u
> git symbolic-ref --short HEAD
> git rev-parse master
> git rev-parse --symbolic-full-name master@{u}
fatal: no upstream configured for branch 'master'
> git for-each-ref --format %(refname) %(objectname) --sort -committerdate
> git remote --verbose
> git show :config/routes.rb
> git show :app/views/pages/about_us.html.erb
> git show :app/controllers/pages_controller.rb
> git show :app/views/layouts/application.html.erb
> git show :app/controllers/pages_controller.rb
> git show :app/controllers/application_controller.rb
> git show :app/controllers/pages_controller.rb
> git show :app/views/pages/about_us.html.erb
> git show :app/views/pages/home.html.erb
> git show :app/views/pages/contact.html.erb
> git show :app/controllers/pages_controller.rb
> git show :app/views/pages/contact.html.erb
> git show :app/views/pages/home.html.erb
> git show :app/views/pages/contact.html.erb
> git show :app/controllers/pages_controller.rb
> git status -z -u
> git symbolic-ref --short HEAD
> git rev-parse master
> git rev-parse --symbolic-full-name master@{u}
fatal: no upstream configured for branch 'master'
> git for-each-ref --format %(refname) %(objectname) --sort -committerdate
> git remote --verbose
> git show :config/routes.rb
> git show :app/views/pages/about_us.html.erb
> git show :config/routes.rb
> git show :app/views/pages/about_us.html.erb
> git show :app/views/pages/home.html.erb
> git show :app/views/pages/about_us.html.erb
> git show :config/routes.rb
> git show :app/views/pages/about_us.html.erb
> git show :app/views/pages/home.html.erb
> git show :app/views/pages/about_us.html.erb
> git status -z -u
> git symbolic-ref --short HEAD
> git rev-parse master
> git rev-parse --symbolic-full-name master@{u}
fatal: no upstream configured for branch 'master'
> git for-each-ref --format %(refname) %(objectname) --sort -committerdate
> git remote --verbose
> git status -z -u
> git symbolic-ref --short HEAD
> git rev-parse master
> git rev-parse --symbolic-full-name master@{u}
fatal: no upstream configured for branch 'master'
> git for-each-ref --format %(refname) %(objectname) --sort -committerdate
> git remote --verbose
> git show :app/views/pages/home.html.erb
> git show :app/views/pages/contact.html.erb
> git show :app/views/pages/about_us.html.erb
> git show :config/routes.rb
> git show :app/views/pages/about_us.html.erb
> git show :config/routes.rb
> git show :app/controllers/pages_controller.rb
> git status -z -u
> git symbolic-ref --short HEAD
> git rev-parse master
> git rev-parse --symbolic-full-name master@{u}
fatal: no upstream configured for branch 'master'
> git for-each-ref --format %(refname) %(objectname) --sort -committerdate
> git remote --verbose
> git status -z -u
> git symbolic-ref --short HEAD
> git rev-parse master
> git rev-parse --symbolic-full-name master@{u}
fatal: no upstream configured for branch 'master'
> git for-each-ref --format %(refname) %(objectname) --sort -committerdate
> git remote --verbose
> git status -z -u
> git symbolic-ref --short HEAD
> git rev-parse master
> git rev-parse --symbolic-full-name master@{u}
fatal: no upstream configured for branch 'master'
> git for-each-ref --format %(refname) %(objectname) --sort -committerdate
> git remote --verbose
> git show :config/routes.rb
> git show :app/controllers/pages_controller.rb
> git show :app/views/pages/contact.html.erb
> git show :app/views/pages/about_us.html.erb
> git show :app/controllers/pages_controller.rb
> git show :app/views/pages/home.html.erb
> git show :app/views/pages/about_us.html.erb
> git status -z -u
> git symbolic-ref --short HEAD
> git rev-parse master
> git rev-parse --symbolic-full-name master@{u}
fatal: no upstream configured for branch 'master'
> git for-each-ref --format %(refname) %(objectname) --sort -committerdate
> git remote --verbose
> git show :app/controllers/pages_controller.rb
> git status -z -u
> git symbolic-ref --short HEAD
> git rev-parse master
> git rev-parse --symbolic-full-name master@{u}
fatal: no upstream configured for branch 'master'
> git for-each-ref --format %(refname) %(objectname) --sort -committerdate
> git remote --verbose
> git show :app/views/pages/about_us.html.erb
> git show :app/controllers/pages_controller.rb
> git show :app/views/pages/about_us.html.erb
> git status -z -u
> git symbolic-ref --short HEAD
> git rev-parse master
> git rev-parse --symbolic-full-name master@{u}
fatal: no upstream configured for branch 'master'
> git for-each-ref --format %(refname) %(objectname) --sort -committerdate
> git remote --verbose
> git status -z -u
> git symbolic-ref --short HEAD
> git rev-parse master
> git rev-parse --symbolic-full-name master@{u}
fatal: no upstream configured for branch 'master'
> git for-each-ref --format %(refname) %(objectname) --sort -committerdate
> git remote --verbose
> git show :app/controllers/pages_controller.rb
> git show :app/views/pages/about_us.html.erb
> git show :config/routes.rb
> git show :app/controllers/pages_controller.rb
> git show :app/views/pages/about_us.html.erb
> git status -z -u
> git symbolic-ref --short HEAD
> git rev-parse master
> git rev-parse --symbolic-full-name master@{u}
fatal: no upstream configured for branch 'master'
> git for-each-ref --format %(refname) %(objectname) --sort -committerdate
> git remote --verbose
> git show :config/routes.rb
> git status -z -u
> git symbolic-ref --short HEAD
> git rev-parse master
> git rev-parse --symbolic-full-name master@{u}
fatal: no upstream configured for branch 'master'
> git for-each-ref --format %(refname) %(objectname) --sort -committerdate
> git remote --verbose
> git show :app/views/pages/about_us.html.erb
> git show :app/views/pages/contact.html.erb
> git show :app/controllers/pages_controller.rb
> git show :app/views/pages/contact.html.erb
> git status -z -u
> git symbolic-ref --short HEAD
> git rev-parse master
> git rev-parse --symbolic-full-name master@{u}
fatal: no upstream configured for branch 'master'
> git for-each-ref --format %(refname) %(objectname) --sort -committerdate
> git remote --verbose
> git status -z -u
> git symbolic-ref --short HEAD
> git rev-parse master
> git rev-parse --symbolic-full-name master@{u}
fatal: no upstream configured for branch 'master'
> git for-each-ref --format %(refname) %(objectname) --sort -committerdate
> git remote --verbose
> git status -z -u
> git symbolic-ref --short HEAD
> git rev-parse master
> git rev-parse --symbolic-full-name master@{u}
fatal: no upstream configured for branch 'master'
> git for-each-ref --format %(refname) %(objectname) --sort -committerdate
> git remote --verbose
> git status -z -u
> git symbolic-ref --short HEAD
> git rev-parse master
> git rev-parse --symbolic-full-name master@{u}
fatal: no upstream configured for branch 'master'
> git for-each-ref --format %(refname) %(objectname) --sort -committerdate
> git remote --verbose
> git status -z -u
> git symbolic-ref --short HEAD
> git rev-parse master
> git rev-parse --symbolic-full-name master@{u}
fatal: no upstream configured for branch 'master'
> git for-each-ref --format %(refname) %(objectname) --sort -committerdate
> git remote --verbose
> git status -z -u
> git symbolic-ref --short HEAD
> git rev-parse master
> git rev-parse --symbolic-full-name master@{u}
fatal: no upstream configured for branch 'master'
> git for-each-ref --format %(refname) %(objectname) --sort -committerdate
> git remote --verbose
> git show :app/views/pages/about_us.html.erb
> git status -z -u
> git symbolic-ref --short HEAD
> git rev-parse master
> git rev-parse --symbolic-full-name master@{u}
fatal: no upstream configured for branch 'master'
> git for-each-ref --format %(refname) %(objectname) --sort -committerdate
> git remote --verbose
> git show :config/routes.rb
> git status -z -u
> git symbolic-ref --short HEAD
> git rev-parse master
> git rev-parse --symbolic-full-name master@{u}
fatal: no upstream configured for branch 'master'
> git for-each-ref --format %(refname) %(objectname) --sort -committerdate
> git remote --verbose
> git status -z -u
> git symbolic-ref --short HEAD
> git rev-parse master
> git rev-parse --symbolic-full-name master@{u}
fatal: no upstream configured for branch 'master'
> git for-each-ref --format %(refname) %(objectname) --sort -committerdate
> git remote --verbose
> git show :app/views/pages/contact.html.erb
> git status -z -u
> git symbolic-ref --short HEAD
> git rev-parse master
> git rev-parse --symbolic-full-name master@{u}
fatal: no upstream configured for branch 'master'
> git for-each-ref --format %(refname) %(objectname) --sort -committerdate
> git remote --verbose
> git show :app/controllers/pages_controller.rb
> git show :app/views/pages/about_us.html.erb
> git show :app/controllers/pages_controller.rb
> git show :config/routes.rb
> git show :app/views/pages/about_us.html.erb
> git status -z -u
> git symbolic-ref --short HEAD
> git rev-parse master
> git rev-parse --symbolic-full-name master@{u}
fatal: no upstream configured for branch 'master'
> git for-each-ref --format %(refname) %(objectname) --sort -committerdate
> git remote --verbose
> git status -z -u
> git symbolic-ref --short HEAD
> git rev-parse master
> git rev-parse --symbolic-full-name master@{u}
fatal: no upstream configured for branch 'master'
> git for-each-ref --format %(refname) %(objectname) --sort -committerdate
> git remote --verbose
> git show :config/routes.rb
> git show :app/controllers/pages_controller.rb
> git show :config/routes.rb
> git show :app/controllers/pages_controller.rb
> git show :config/routes.rb
> git show :app/views/pages/about_us.html.erb
> git show :app/views/pages/home.html.erb
> git show :config/routes.rb
> git status -z -u
> git symbolic-ref --short HEAD
> git rev-parse master
> git rev-parse --symbolic-full-name master@{u}
fatal: no upstream configured for branch 'master'
> git for-each-ref --format %(refname) %(objectname) --sort -committerdate
> git remote --verbose
> git show :app/controllers/pages_controller.rb
> git show :config/routes.rb
> git show :app/views/pages/about_us.html.erb
> git show :app/views/pages/home.html.erb
> git show :app/views/pages/about_us.html.erb
> git show :app/views/pages/home.html.erb
> git show :app/views/pages/about_us.html.erb
> git show :config/routes.rb
> git show :app/controllers/pages_controller.rb
> git show :config/routes.rb
> git show :app/views/pages/about_us.html.erb
> git show :app/views/pages/home.html.erb
> git show :app/views/pages/contact.html.erb
> git show :app/views/pages/posts.html.erb
> git show :app/views/pages/contact.html.erb
> git show :app/views/pages/posts.html.erb
> git status -z -u
> git symbolic-ref --short HEAD
> git rev-parse master
> git rev-parse --symbolic-full-name master@{u}
fatal: no upstream configured for branch 'master'
> git for-each-ref --format %(refname) %(objectname) --sort -committerdate
> git remote --verbose
> git status -z -u
> git symbolic-ref --short HEAD
> git rev-parse master
> git rev-parse --symbolic-full-name master@{u}
fatal: no upstream configured for branch 'master'
> git for-each-ref --format %(refname) %(objectname) --sort -committerdate
> git remote --verbose
> git status -z -u
> git symbolic-ref --short HEAD
> git rev-parse master
> git rev-parse --symbolic-full-name master@{u}
fatal: no upstream configured for branch 'master'
> git for-each-ref --format %(refname) %(objectname) --sort -committerdate
> git remote --verbose
> git show :app/views/pages/home.html.erb
> git show :app/views/pages/contact.html.erb
> git show :app/views/pages/home.html.erb
> git show :app/views/pages/about_us.html.erb
> git show :config/routes.rb
> git show :app/controllers/pages_controller.rb
> git show :app/views/pages/about_us.html.erb
> git show :app/views/pages/home.html.erb
> git show :app/views/pages/contact.html.erb
> git show :config/routes.rb
> git show :app/controllers/pages_controller.rb
> git show :app/views/pages/contact.html.erb
> git show :app/views/pages/home.html.erb
> git show :app/controllers/pages_controller.rb
> git show :app/views/pages/about_us.html.erb
> git show :app/controllers/pages_controller.rb
> git status -z -u
> git symbolic-ref --short HEAD
> git rev-parse master
> git rev-parse --symbolic-full-name master@{u}
fatal: no upstream configured for branch 'master'
> git for-each-ref --format %(refname) %(objectname) --sort -committerdate
> git remote --verbose
> git show :config/routes.rb
> git show :app/views/pages/about_us.html.erb
> git show :app/views/pages/home.html.erb
> git show :config/routes.rb
> git show :app/controllers/pages_controller.rb
> git status -z -u
> git symbolic-ref --short HEAD
> git rev-parse master
> git rev-parse --symbolic-full-name master@{u}
fatal: no upstream configured for branch 'master'
> git for-each-ref --format %(refname) %(objectname) --sort -committerdate
> git remote --verbose
> git show :config/routes.rb
> git show :app/views/pages/about_us.html.erb
> git show :app/views/pages/home.html.erb
> git show :app/views/pages/contact.html.erb
> git show :config/routes.rb
> git show :app/views/pages/about_us.html.erb
> git show :app/views/pages/contact.html.erb
> git show :app/views/pages/home.html.erb
> git show :app/views/pages/contact.html.erb
> git show :app/controllers/pages_controller.rb
> git show :app/views/pages/contact.html.erb
> git status -z -u
> git symbolic-ref --short HEAD
> git rev-parse master
> git rev-parse --symbolic-full-name master@{u}
fatal: no upstream configured for branch 'master'
> git for-each-ref --format %(refname) %(objectname) --sort -committerdate
> git remote --verbose
> git show :config/routes.rb
> git show :app/views/pages/about_us.html.erb
> git show :app/views/pages/home.html.erb
> git show :app/views/pages/contact.html.erb
> git status -z -u
> git symbolic-ref --short HEAD
> git rev-parse master
> git rev-parse --symbolic-full-name master@{u}
fatal: no upstream configured for branch 'master'
> git for-each-ref --format %(refname) %(objectname) --sort -committerdate
> git remote --verbose
> git show :app/views/pages/posts.html.erb
> git show :app/views/pages/contact.html.erb
> git status -z -u
> git symbolic-ref --short HEAD
> git rev-parse master
> git rev-parse --symbolic-full-name master@{u}
fatal: no upstream configured for branch 'master'
> git for-each-ref --format %(refname) %(objectname) --sort -committerdate
> git remote --verbose
> git show :app/views/pages/home.html.erb
> git show :app/views/pages/contact.html.erb
> git status -z -u
> git symbolic-ref --short HEAD
> git rev-parse master
> git rev-parse --symbolic-full-name master@{u}
fatal: no upstream configured for branch 'master'
> git for-each-ref --format %(refname) %(objectname) --sort -committerdate
> git remote --verbose
> git show :app/views/pages/posts.html.erb
> git show :app/views/pages/contact.html.erb
> git show :app/views/pages/posts.html.erb
> git show :app/views/pages/contact.html.erb
> git show :app/views/pages/home.html.erb
> git show :app/views/pages/contact.html.erb
> git show :app/views/pages/about_us.html.erb
> git show :app/views/pages/contact.html.erb
> git show :config/routes.rb
> git show :app/views/pages/contact.html.erb
> git status -z -u
> git symbolic-ref --short HEAD
> git rev-parse master
> git rev-parse --symbolic-full-name master@{u}
fatal: no upstream configured for branch 'master'
> git for-each-ref --format %(refname) %(objectname) --sort -committerdate
> git remote --verbose
> git status -z -u
> git symbolic-ref --short HEAD
> git rev-parse master
> git rev-parse --symbolic-full-name master@{u}
fatal: no upstream configured for branch 'master'
> git for-each-ref --format %(refname) %(objectname) --sort -committerdate
> git remote --verbose
> git show :app/views/pages/contact.html.erb
> git show :config/routes.rb
> git show :app/views/pages/contact.html.erb
> git show :app/controllers/pages_controller.rb
> git status -z -u
> git symbolic-ref --short HEAD
> git rev-parse master
> git rev-parse --symbolic-full-name master@{u}
fatal: no upstream configured for branch 'master'
> git for-each-ref --format %(refname) %(objectname) --sort -committerdate
> git remote --verbose
> git status -z -u
> git symbolic-ref --short HEAD
> git rev-parse master
> git rev-parse --symbolic-full-name master@{u}
fatal: no upstream configured for branch 'master'
> git for-each-ref --format %(refname) %(objectname) --sort -committerdate
> git remote --verbose
